<?xml version="1.0" encoding="UTF-8" ?>
<testsuites>
<testsuite name="Validate profile Functionality" errors="0" tests="1" failures="0" time="0.049" timestamp="2016-03-25T02:05:11">
  <testcase classname="Validate profile Functionality" name="should update the status message" time="0.044"></testcase>
</testsuite>
</testsuites>